<?xml version="1.0" encoding="UTF-8"?>
<TestRun id="656a091a-284d-48d5-8722-5a6263fd4f26" name="gareth@GARETH-PC 2014-06-14 08:00:02" runUser="GARETH-PC\gareth" xmlns="http://microsoft.com/schemas/VisualStudio/TeamTest/2010">
  <TestSettings name="Local" id="7b6251a2-aa50-44bd-9269-8640add2f1a0">
    <Description>These are default test settings for a local test run.</Description>
    <Deployment enabled="false" runDeploymentRoot="gareth_GARETH-PC 2014-06-14 08_00_02">
      <DeploymentItem filename="C:\Development\SchemaBackup\SchemaBackupLibrary\bin\Debug\SchemaBackup.Core.dll" />
      <DeploymentItem filename="C:\Development\SchemaBackup\SchemaBackup.Definitions\bin\Debug\SchemaBackup.Definitions.dll" />
    </Deployment>
    <Execution>
      <TestTypeSpecific />
      <AgentRule name="Execution Agents">
      </AgentRule>
    </Execution>
  </TestSettings>
  <Times creation="2014-06-14T08:00:02.9720891+01:00" queuing="2014-06-14T08:00:03.1220893+01:00" start="2014-06-14T08:00:03.1920894+01:00" finish="2014-06-14T08:00:05.3120924+01:00" />
  <ResultSummary outcome="Failed">
    <Counters total="1" executed="1" error="0" failed="1" timeout="0" aborted="0" inconclusive="0" passedButRunAborted="0" notRunnable="0" notExecuted="0" disconnected="0" warning="0" passed="0" completed="0" inProgress="0" pending="0" />
  </ResultSummary>
  <TestDefinitions>
    <UnitTest name="ProcessObject" storage="c:\development\schemabackup\schemabackup.tests\bin\debug\schemabackup.tests.dll" id="63a3e5f4-a043-ca6b-6eef-6060ee6c8c9c">
      <TestCategory>
        <TestCategoryItem TestCategory="Schema Object" />
      </TestCategory>
      <Execution id="b5cc338b-0488-465a-bf8b-6b73c93c63d8" />
      <TestMethod codeBase="C:/Development/SchemaBackup/SchemaBackup.Tests/bin/Debug/SchemaBackup.Tests.DLL" adapterTypeName="Microsoft.VisualStudio.TestTools.TestTypes.Unit.UnitTestAdapter, Microsoft.VisualStudio.QualityTools.Tips.UnitTest.Adapter, Version=10.0.0.0, Culture=neutral, PublicKeyToken=b03f5f7f11d50a3a" className="SchemaBackup.Tests.UnitTest1, SchemaBackup.Tests, Version=1.0.0.0, Culture=neutral, PublicKeyToken=null" name="ProcessObject" />
    </UnitTest>
  </TestDefinitions>
  <TestLists>
    <TestList name="Results Not in a List" id="8c84fa94-04c1-424b-9868-57a2d4851a1d" />
    <TestList name="All Loaded Results" id="19431567-8539-422a-85d7-44ee4e166bda" />
  </TestLists>
  <TestEntries>
    <TestEntry testId="63a3e5f4-a043-ca6b-6eef-6060ee6c8c9c" executionId="b5cc338b-0488-465a-bf8b-6b73c93c63d8" testListId="8c84fa94-04c1-424b-9868-57a2d4851a1d" />
  </TestEntries>
  <Results>
    <UnitTestResult executionId="b5cc338b-0488-465a-bf8b-6b73c93c63d8" testId="63a3e5f4-a043-ca6b-6eef-6060ee6c8c9c" testName="ProcessObject" computerName="GARETH-PC" duration="00:00:01.4871116" startTime="2014-06-14T08:00:03.2320895+01:00" endTime="2014-06-14T08:00:05.2620923+01:00" testType="13cdc9d9-ddb5-4fa4-a97d-d965ccfc6d4b" outcome="Failed" testListId="8c84fa94-04c1-424b-9868-57a2d4851a1d" relativeResultsDirectory="b5cc338b-0488-465a-bf8b-6b73c93c63d8">
      <Output>
        <ErrorInfo>
          <Message>Test method SchemaBackup.Tests.UnitTest1.ProcessObject threw exception: 
System.ArgumentNullException: Value cannot be null.
Parameter name: s</Message>
          <StackTrace>    at System.IO.StringReader..ctor(String s)
   at SchemaBackup.Core.SchemaObject.FormatSQL() in C:\Development\SchemaBackup\SchemaBackupLibrary\SchemaObject.cs:line 119
   at SchemaBackup.Core.SchemaObject.GetRaw() in C:\Development\SchemaBackup\SchemaBackupLibrary\SchemaObject.cs:line 86
   at SchemaBackup.Core.SchemaObject.GetInfo() in C:\Development\SchemaBackup\SchemaBackupLibrary\SchemaObject.cs:line 72
   at SchemaBackup.Tests.UnitTest1.ProcessObject() in C:\Development\SchemaBackup\SchemaBackup.Tests\UnitTest1.cs:line 48
</StackTrace>
        </ErrorInfo>
      </Output>
    </UnitTestResult>
  </Results>
</TestRun>