<?xml version="1.0" encoding="UTF-8"?>
<TestRun id="1b57c27c-ead5-4b5e-bc24-ea1da9bb6fce" name="gareth@GARETH-PC 2014-06-14 08:35:49" runUser="GARETH-PC\gareth" xmlns="http://microsoft.com/schemas/VisualStudio/TeamTest/2010">
  <TestSettings name="Local" id="7b6251a2-aa50-44bd-9269-8640add2f1a0">
    <Description>These are default test settings for a local test run.</Description>
    <Deployment enabled="false" runDeploymentRoot="gareth_GARETH-PC 2014-06-14 08_35_49">
      <DeploymentItem filename="C:\Development\SchemaBackup\SchemaBackupLibrary\bin\Debug\SchemaBackup.Core.dll" />
      <DeploymentItem filename="C:\Development\SchemaBackup\SchemaBackup.Definitions\bin\Debug\SchemaBackup.Definitions.dll" />
    </Deployment>
    <Execution>
      <TestTypeSpecific />
      <AgentRule name="Execution Agents">
      </AgentRule>
    </Execution>
  </TestSettings>
  <Times creation="2014-06-14T08:35:49.3424714+01:00" queuing="2014-06-14T08:35:51.3125841+01:00" start="2014-06-14T08:35:51.5385970+01:00" finish="2014-06-14T08:37:39.4637700+01:00" />
  <ResultSummary outcome="Completed">
    <Counters total="1" executed="1" passed="1" error="0" failed="0" timeout="0" aborted="0" inconclusive="0" passedButRunAborted="0" notRunnable="0" notExecuted="0" disconnected="0" warning="0" completed="0" inProgress="0" pending="0" />
  </ResultSummary>
  <TestDefinitions>
    <UnitTest name="ProcessView" storage="c:\development\schemabackup\schemabackup.tests\bin\debug\schemabackup.tests.dll" id="4f52bc6f-98a8-a999-0944-fc92c2d3a723">
      <TestCategory>
        <TestCategoryItem TestCategory="Schema Object" />
      </TestCategory>
      <Execution id="b7f6f729-5bac-4376-b11e-ea63bde8977e" />
      <TestMethod codeBase="C:/Development/SchemaBackup/SchemaBackup.Tests/bin/Debug/SchemaBackup.Tests.DLL" adapterTypeName="Microsoft.VisualStudio.TestTools.TestTypes.Unit.UnitTestAdapter, Microsoft.VisualStudio.QualityTools.Tips.UnitTest.Adapter, Version=10.0.0.0, Culture=neutral, PublicKeyToken=b03f5f7f11d50a3a" className="SchemaBackup.Tests.UnitTest1, SchemaBackup.Tests, Version=1.0.0.0, Culture=neutral, PublicKeyToken=null" name="ProcessView" />
    </UnitTest>
  </TestDefinitions>
  <TestLists>
    <TestList name="Results Not in a List" id="8c84fa94-04c1-424b-9868-57a2d4851a1d" />
    <TestList name="All Loaded Results" id="19431567-8539-422a-85d7-44ee4e166bda" />
  </TestLists>
  <TestEntries>
    <TestEntry testId="4f52bc6f-98a8-a999-0944-fc92c2d3a723" executionId="b7f6f729-5bac-4376-b11e-ea63bde8977e" testListId="8c84fa94-04c1-424b-9868-57a2d4851a1d" />
  </TestEntries>
  <Results>
    <UnitTestResult executionId="b7f6f729-5bac-4376-b11e-ea63bde8977e" testId="4f52bc6f-98a8-a999-0944-fc92c2d3a723" testName="ProcessView" computerName="GARETH-PC" duration="00:01:45.9401102" startTime="2014-06-14T08:35:51.7586096+01:00" endTime="2014-06-14T08:37:39.1827539+01:00" testType="13cdc9d9-ddb5-4fa4-a97d-d965ccfc6d4b" outcome="Passed" testListId="8c84fa94-04c1-424b-9868-57a2d4851a1d" relativeResultsDirectory="b7f6f729-5bac-4376-b11e-ea63bde8977e">
    </UnitTestResult>
  </Results>
</TestRun>