<?xml version="1.0" encoding="UTF-8"?>
<TestRun id="877b66b7-1ac5-4111-96e8-a31c8ad1aa11" name="gareth@GARETH-PC 2014-06-14 13:56:43" runUser="GARETH-PC\gareth" xmlns="http://microsoft.com/schemas/VisualStudio/TeamTest/2010">
  <TestSettings name="Local" id="7b6251a2-aa50-44bd-9269-8640add2f1a0">
    <Description>These are default test settings for a local test run.</Description>
    <Deployment enabled="false" runDeploymentRoot="gareth_GARETH-PC 2014-06-14 13_56_43">
      <DeploymentItem filename="C:\Development\SchemaBackup\SchemaBackupLibrary\bin\Debug\SchemaBackup.Core.dll" />
      <DeploymentItem filename="C:\Development\SchemaBackup\SchemaBackup.Definitions\bin\Debug\SchemaBackup.Definitions.dll" />
    </Deployment>
    <Execution>
      <TestTypeSpecific />
      <AgentRule name="Execution Agents">
      </AgentRule>
    </Execution>
  </TestSettings>
  <Times creation="2014-06-14T13:56:43.7898494+01:00" queuing="2014-06-14T13:56:45.4758766+01:00" start="2014-06-14T13:56:45.6658769+01:00" finish="2014-06-14T13:57:34.2091242+01:00" />
  <ResultSummary outcome="Failed">
    <Counters total="1" executed="1" error="0" failed="1" timeout="0" aborted="0" inconclusive="0" passedButRunAborted="0" notRunnable="0" notExecuted="0" disconnected="0" warning="0" passed="0" completed="0" inProgress="0" pending="0" />
    <Output>
      <DebugTrace>E, 8732, 13, 2014/06/14, 13:57:32.019, GARETH-PC\QTAgent32.exe, Unit Test Adapter threw exception: System.OutOfMemoryException: Exception of type 'System.OutOfMemoryException' was thrown.
   at System.Text.StringBuilder..ctor(String value, Int32 startIndex, Int32 length, Int32 capacity)
   at System.Text.StringBuilder..ctor(Int32 capacity)
   at Microsoft.VisualStudio.TestTools.TestTypes.Unit.UTAHelper.TrimStackTrace(String stackTrace)
   at Microsoft.VisualStudio.TestTools.TestTypes.Unit.UTAHelper.GetStackTrace(Exception ex)
   at Microsoft.VisualStudio.TestTools.TestTypes.Unit.UnitTestExecuter.HandleMethodException(Exception ex)
   at Microsoft.VisualStudio.TestTools.TestTypes.Unit.UnitTestExecuter.RunTestMethod()
   at Microsoft.VisualStudio.TestTools.TestTypes.Unit.UnitTestExecuter.ExecuteTest()
   at Microsoft.VisualStudio.TestTools.TestTypes.Unit.UnitTestExecuter.Execute(UnitTestResult result)
   at Microsoft.VisualStudio.TestTools.TestTypes.Unit.UnitTestRunner.ExecuteSingleTest(UnitTestExecuter executer, UnitTestResult result, UnitTestElement test, ITestContext testContext, UnitTestAdapterContext userContext, Boolean isLoadTest)
   at Microsoft.VisualStudio.TestTools.TestTypes.Unit.UnitTestRunner.ExecuteSingleTest(UnitTestExecuter executer, UnitTestElement test, ITestContext testContext, UnitTestAdapterContext userContext, Boolean isLoadTest)
   at Microsoft.VisualStudio.TestTools.TestTypes.Unit.UnitTestRunner.Run(UnitTestElement test, ITestContext testContext, Boolean isLoadTest, Boolean useMultipleCpus)
</DebugTrace>
    </Output>
  </ResultSummary>
  <TestDefinitions>
    <UnitTest name="GetFolderPath" storage="c:\development\schemabackup\schemabackup.tests\bin\debug\schemabackup.tests.dll" id="8759cc88-c516-cf94-7b1c-ef0189cbfab6">
      <Execution id="e75963ed-94e5-42e6-a6ef-97cf85882217" />
      <TestMethod codeBase="C:/Development/SchemaBackup/SchemaBackup.Tests/bin/Debug/SchemaBackup.Tests.DLL" adapterTypeName="Microsoft.VisualStudio.TestTools.TestTypes.Unit.UnitTestAdapter, Microsoft.VisualStudio.QualityTools.Tips.UnitTest.Adapter, Version=10.0.0.0, Culture=neutral, PublicKeyToken=b03f5f7f11d50a3a" className="SchemaBackup.Tests.UnitTest1, SchemaBackup.Tests, Version=1.0.0.0, Culture=neutral, PublicKeyToken=null" name="GetFolderPath" />
    </UnitTest>
  </TestDefinitions>
  <TestLists>
    <TestList name="Results Not in a List" id="8c84fa94-04c1-424b-9868-57a2d4851a1d" />
    <TestList name="All Loaded Results" id="19431567-8539-422a-85d7-44ee4e166bda" />
  </TestLists>
  <TestEntries>
    <TestEntry testId="8759cc88-c516-cf94-7b1c-ef0189cbfab6" executionId="e75963ed-94e5-42e6-a6ef-97cf85882217" testListId="8c84fa94-04c1-424b-9868-57a2d4851a1d" />
  </TestEntries>
  <Results>
    <UnitTestResult executionId="e75963ed-94e5-42e6-a6ef-97cf85882217" testId="8759cc88-c516-cf94-7b1c-ef0189cbfab6" testName="GetFolderPath" computerName="GARETH-PC" startTime="2014-06-14T13:56:45.8158771+01:00" endTime="2014-06-14T13:57:32.3691216+01:00" testType="13cdc9d9-ddb5-4fa4-a97d-d965ccfc6d4b" outcome="Failed" testListId="8c84fa94-04c1-424b-9868-57a2d4851a1d" relativeResultsDirectory="e75963ed-94e5-42e6-a6ef-97cf85882217">
      <Output>
        <ErrorInfo>
          <Message>Unit Test Adapter threw exception: 
Exception of type 'System.OutOfMemoryException' was thrown..</Message>
        </ErrorInfo>
      </Output>
    </UnitTestResult>
  </Results>
</TestRun>