<?xml version="1.0" encoding="UTF-8"?>
<TestRun id="0d479c5f-cb6e-480b-936c-3b77e8a0fcf4" name="gareth@GARETH-PC 2014-06-14 08:14:09" runUser="GARETH-PC\gareth" xmlns="http://microsoft.com/schemas/VisualStudio/TeamTest/2010">
  <TestSettings name="Local" id="7b6251a2-aa50-44bd-9269-8640add2f1a0">
    <Description>These are default test settings for a local test run.</Description>
    <Deployment enabled="false" runDeploymentRoot="gareth_GARETH-PC 2014-06-14 08_14_09">
      <DeploymentItem filename="C:\Development\SchemaBackup\SchemaBackupLibrary\bin\Debug\SchemaBackup.Core.dll" />
      <DeploymentItem filename="C:\Development\SchemaBackup\SchemaBackup.Definitions\bin\Debug\SchemaBackup.Definitions.dll" />
    </Deployment>
    <Execution>
      <TestTypeSpecific />
      <AgentRule name="Execution Agents">
      </AgentRule>
    </Execution>
  </TestSettings>
  <Times creation="2014-06-14T08:14:09.1117639+01:00" queuing="2014-06-14T08:14:10.9217665+01:00" start="2014-06-14T08:14:11.1317668+01:00" finish="2014-06-14T08:19:46.0158691+01:00" />
  <ResultSummary outcome="Error">
    <Counters total="1" error="0" failed="0" timeout="0" aborted="0" inconclusive="0" passedButRunAborted="0" notRunnable="0" notExecuted="0" disconnected="0" warning="0" passed="0" completed="0" inProgress="0" pending="0" />
    <RunInfos>
      <RunInfo computerName="GARETH-PC" outcome="Error" timestamp="2014-06-14T08:19:46.0158691+01:00">
        <Text>Test host process exited unexpectedly.</Text>
      </RunInfo>
    </RunInfos>
  </ResultSummary>
  <TestDefinitions>
    <UnitTest name="ProcessStoredProcedure" storage="c:\development\schemabackup\schemabackup.tests\bin\debug\schemabackup.tests.dll" id="ca39d4e0-a7c1-48af-033c-82c2a2099220">
      <TestCategory>
        <TestCategoryItem TestCategory="Schema Object" />
      </TestCategory>
      <Execution id="e7869f99-c8a8-458f-a445-f5ec2d48f05d" />
      <TestMethod codeBase="C:/Development/SchemaBackup/SchemaBackup.Tests/bin/Debug/SchemaBackup.Tests.DLL" adapterTypeName="Microsoft.VisualStudio.TestTools.TestTypes.Unit.UnitTestAdapter, Microsoft.VisualStudio.QualityTools.Tips.UnitTest.Adapter, Version=10.0.0.0, Culture=neutral, PublicKeyToken=b03f5f7f11d50a3a" className="SchemaBackup.Tests.UnitTest1, SchemaBackup.Tests, Version=1.0.0.0, Culture=neutral, PublicKeyToken=null" name="ProcessStoredProcedure" />
    </UnitTest>
  </TestDefinitions>
  <TestLists>
    <TestList name="Results Not in a List" id="8c84fa94-04c1-424b-9868-57a2d4851a1d" />
    <TestList name="All Loaded Results" id="19431567-8539-422a-85d7-44ee4e166bda" />
  </TestLists>
  <TestEntries>
    <TestEntry testId="ca39d4e0-a7c1-48af-033c-82c2a2099220" executionId="e7869f99-c8a8-458f-a445-f5ec2d48f05d" testListId="8c84fa94-04c1-424b-9868-57a2d4851a1d" />
  </TestEntries>
  <Results>
    <UnitTestResult executionId="e7869f99-c8a8-458f-a445-f5ec2d48f05d" testId="ca39d4e0-a7c1-48af-033c-82c2a2099220" testName="ProcessStoredProcedure" computerName="GARETH-PC" duration="00:01:31.8813899" startTime="2014-06-14T08:14:11.3217670+01:00" testType="13cdc9d9-ddb5-4fa4-a97d-d965ccfc6d4b" outcome="Passed" testListId="8c84fa94-04c1-424b-9868-57a2d4851a1d" relativeResultsDirectory="e7869f99-c8a8-458f-a445-f5ec2d48f05d">
    </UnitTestResult>
  </Results>
</TestRun>