<?xml version="1.0" encoding="UTF-8"?>
<TestRun id="b8e3119e-a744-4c99-9f85-b903d62fb290" name="gareth@GARETH-PC 2014-06-14 14:07:09" runUser="GARETH-PC\gareth" xmlns="http://microsoft.com/schemas/VisualStudio/TeamTest/2010">
  <TestSettings name="Local" id="7b6251a2-aa50-44bd-9269-8640add2f1a0">
    <Description>These are default test settings for a local test run.</Description>
    <Deployment enabled="false" runDeploymentRoot="gareth_GARETH-PC 2014-06-14 14_07_09">
      <DeploymentItem filename="C:\Development\SchemaBackup\SchemaBackupLibrary\bin\Debug\SchemaBackup.Core.dll" />
      <DeploymentItem filename="C:\Development\SchemaBackup\SchemaBackup.Definitions\bin\Debug\SchemaBackup.Definitions.dll" />
    </Deployment>
    <Execution>
      <TestTypeSpecific />
      <AgentRule name="Execution Agents">
      </AgentRule>
    </Execution>
  </TestSettings>
  <Times creation="2014-06-14T14:07:09.7885564+01:00" queuing="2014-06-14T14:07:11.8085592+01:00" start="2014-06-14T14:07:12.0285595+01:00" finish="2014-06-14T14:09:56.8438246+01:00" />
  <ResultSummary outcome="Completed">
    <Counters total="1" executed="1" passed="1" error="0" failed="0" timeout="0" aborted="0" inconclusive="0" passedButRunAborted="0" notRunnable="0" notExecuted="0" disconnected="0" warning="0" completed="0" inProgress="0" pending="0" />
  </ResultSummary>
  <TestDefinitions>
    <UnitTest name="GetFolderPath" storage="c:\development\schemabackup\schemabackup.tests\bin\debug\schemabackup.tests.dll" id="8759cc88-c516-cf94-7b1c-ef0189cbfab6">
      <Execution id="94fd93cb-669e-494d-ad67-9cae965c2cd1" />
      <TestMethod codeBase="C:/Development/SchemaBackup/SchemaBackup.Tests/bin/Debug/SchemaBackup.Tests.DLL" adapterTypeName="Microsoft.VisualStudio.TestTools.TestTypes.Unit.UnitTestAdapter, Microsoft.VisualStudio.QualityTools.Tips.UnitTest.Adapter, Version=10.0.0.0, Culture=neutral, PublicKeyToken=b03f5f7f11d50a3a" className="SchemaBackup.Tests.UnitTest1, SchemaBackup.Tests, Version=1.0.0.0, Culture=neutral, PublicKeyToken=null" name="GetFolderPath" />
    </UnitTest>
  </TestDefinitions>
  <TestLists>
    <TestList name="Results Not in a List" id="8c84fa94-04c1-424b-9868-57a2d4851a1d" />
    <TestList name="All Loaded Results" id="19431567-8539-422a-85d7-44ee4e166bda" />
  </TestLists>
  <TestEntries>
    <TestEntry testId="8759cc88-c516-cf94-7b1c-ef0189cbfab6" executionId="94fd93cb-669e-494d-ad67-9cae965c2cd1" testListId="8c84fa94-04c1-424b-9868-57a2d4851a1d" />
  </TestEntries>
  <Results>
    <UnitTestResult executionId="94fd93cb-669e-494d-ad67-9cae965c2cd1" testId="8759cc88-c516-cf94-7b1c-ef0189cbfab6" testName="GetFolderPath" computerName="GARETH-PC" duration="00:02:42.5086336" startTime="2014-06-14T14:07:12.2385598+01:00" endTime="2014-06-14T14:09:56.5938242+01:00" testType="13cdc9d9-ddb5-4fa4-a97d-d965ccfc6d4b" outcome="Passed" testListId="8c84fa94-04c1-424b-9868-57a2d4851a1d" relativeResultsDirectory="94fd93cb-669e-494d-ad67-9cae965c2cd1">
    </UnitTestResult>
  </Results>
</TestRun>