<?xml version="1.0" encoding="UTF-8"?>
<TestRun id="f7e64c8e-9a83-43a6-8584-cd81a6c5bf98" name="gareth@GARETH-PC 2014-06-14 14:15:11" runUser="GARETH-PC\gareth" xmlns="http://microsoft.com/schemas/VisualStudio/TeamTest/2010">
  <TestSettings name="Local" id="7b6251a2-aa50-44bd-9269-8640add2f1a0">
    <Description>These are default test settings for a local test run.</Description>
    <Deployment enabled="false" runDeploymentRoot="gareth_GARETH-PC 2014-06-14 14_15_11">
      <DeploymentItem filename="C:\Development\SchemaBackup\SchemaBackupLibrary\bin\Debug\SchemaBackup.Core.dll" />
      <DeploymentItem filename="C:\Development\SchemaBackup\SchemaBackup.Definitions\bin\Debug\SchemaBackup.Definitions.dll" />
    </Deployment>
    <Execution>
      <TestTypeSpecific />
      <AgentRule name="Execution Agents">
      </AgentRule>
    </Execution>
  </TestSettings>
  <Times creation="2014-06-14T14:15:11.7105006+01:00" queuing="2014-06-14T14:15:12.2805014+01:00" start="2014-06-14T14:15:12.3305015+01:00" finish="2014-06-14T14:15:13.1605027+01:00" />
  <ResultSummary outcome="Failed">
    <Counters total="1" executed="1" error="0" failed="1" timeout="0" aborted="0" inconclusive="0" passedButRunAborted="0" notRunnable="0" notExecuted="0" disconnected="0" warning="0" passed="0" completed="0" inProgress="0" pending="0" />
  </ResultSummary>
  <TestDefinitions>
    <UnitTest name="ProcessDatabaseObjects" storage="c:\development\schemabackup\schemabackup.tests\bin\debug\schemabackup.tests.dll" id="5c20b0df-e257-1b76-d9bb-ed3a92997b0a">
      <Execution id="679f68e4-ddb9-4b6a-8c1b-a4f9f55d5289" />
      <TestMethod codeBase="C:/Development/SchemaBackup/SchemaBackup.Tests/bin/Debug/SchemaBackup.Tests.DLL" adapterTypeName="Microsoft.VisualStudio.TestTools.TestTypes.Unit.UnitTestAdapter, Microsoft.VisualStudio.QualityTools.Tips.UnitTest.Adapter, Version=10.0.0.0, Culture=neutral, PublicKeyToken=b03f5f7f11d50a3a" className="SchemaBackup.Tests.UnitTest1, SchemaBackup.Tests, Version=1.0.0.0, Culture=neutral, PublicKeyToken=null" name="ProcessDatabaseObjects" />
    </UnitTest>
  </TestDefinitions>
  <TestLists>
    <TestList name="Results Not in a List" id="8c84fa94-04c1-424b-9868-57a2d4851a1d" />
    <TestList name="All Loaded Results" id="19431567-8539-422a-85d7-44ee4e166bda" />
  </TestLists>
  <TestEntries>
    <TestEntry testId="5c20b0df-e257-1b76-d9bb-ed3a92997b0a" executionId="679f68e4-ddb9-4b6a-8c1b-a4f9f55d5289" testListId="8c84fa94-04c1-424b-9868-57a2d4851a1d" />
  </TestEntries>
  <Results>
    <UnitTestResult executionId="679f68e4-ddb9-4b6a-8c1b-a4f9f55d5289" testId="5c20b0df-e257-1b76-d9bb-ed3a92997b0a" testName="ProcessDatabaseObjects" computerName="GARETH-PC" duration="00:00:00.3107796" startTime="2014-06-14T14:15:12.3605015+01:00" endTime="2014-06-14T14:15:13.0305025+01:00" testType="13cdc9d9-ddb5-4fa4-a97d-d965ccfc6d4b" outcome="Failed" testListId="8c84fa94-04c1-424b-9868-57a2d4851a1d" relativeResultsDirectory="679f68e4-ddb9-4b6a-8c1b-a4f9f55d5289">
      <Output>
        <ErrorInfo>
          <Message>Test method SchemaBackup.Tests.UnitTest1.ProcessDatabaseObjects threw exception: 
System.NullReferenceException: Object reference not set to an instance of an object.</Message>
          <StackTrace>    at SchemaBackup.Core.Schema.GetFolderInfo(String str, FolderInfo folderInfo, ObjectType requestType) in C:\Development\SchemaBackup\SchemaBackupLibrary\Schema.cs:line 142
   at SchemaBackup.Core.Schema.CreateFolderStructure() in C:\Development\SchemaBackup\SchemaBackupLibrary\Schema.cs:line 156
   at SchemaBackup.Core.Schema..ctor(String dbConnectionStr, String workingPath) in C:\Development\SchemaBackup\SchemaBackupLibrary\Schema.cs:line 19
   at SchemaBackup.Tests.UnitTest1.ProcessDatabaseObjects() in C:\Development\SchemaBackup\SchemaBackup.Tests\UnitTest1.cs:line 39
</StackTrace>
        </ErrorInfo>
      </Output>
    </UnitTestResult>
  </Results>
</TestRun>