<?xml version="1.0" encoding="UTF-8"?>
<TestRun id="fe5be57f-0b36-456d-969f-baaff26624a8" name="gareth@GARETH-PC 2014-06-08 12:59:43" runUser="GARETH-PC\gareth" xmlns="http://microsoft.com/schemas/VisualStudio/TeamTest/2010">
  <TestSettings name="Local" id="7b6251a2-aa50-44bd-9269-8640add2f1a0">
    <Description>These are default test settings for a local test run.</Description>
    <Deployment enabled="false" runDeploymentRoot="gareth_GARETH-PC 2014-06-08 12_59_43">
      <DeploymentItem filename="C:\Development\SchemaBackup\SchemaBackupLibrary\bin\Debug\SchemaBackup.Core.dll" />
      <DeploymentItem filename="C:\Development\SchemaBackup\SchemaBackup.Definitions\bin\Debug\SchemaBackup.Definitions.dll" />
    </Deployment>
    <Execution>
      <TestTypeSpecific />
      <AgentRule name="Execution Agents">
      </AgentRule>
    </Execution>
  </TestSettings>
  <Times creation="2014-06-08T12:59:43.9481727+01:00" queuing="2014-06-08T12:59:45.5069987+01:00" start="2014-06-08T12:59:45.6161989+01:00" finish="2014-06-08T13:01:36.9223944+01:00" />
  <ResultSummary outcome="Completed">
    <Counters total="1" executed="1" passed="1" error="0" failed="0" timeout="0" aborted="0" inconclusive="0" passedButRunAborted="0" notRunnable="0" notExecuted="0" disconnected="0" warning="0" completed="0" inProgress="0" pending="0" />
  </ResultSummary>
  <TestDefinitions>
    <UnitTest name="GetDatabaseObjects" storage="c:\development\schemabackup\schemabackup.tests\bin\debug\schemabackup.tests.dll" id="c2f86e70-9869-87fe-f47c-1591f950b431">
      <Execution id="370daf3a-8471-4205-b2fb-fef6025d671b" />
      <TestMethod codeBase="C:/Development/SchemaBackup/SchemaBackup.Tests/bin/Debug/SchemaBackup.Tests.DLL" adapterTypeName="Microsoft.VisualStudio.TestTools.TestTypes.Unit.UnitTestAdapter, Microsoft.VisualStudio.QualityTools.Tips.UnitTest.Adapter, Version=10.0.0.0, Culture=neutral, PublicKeyToken=b03f5f7f11d50a3a" className="SchemaBackup.Tests.UnitTest1, SchemaBackup.Tests, Version=1.0.0.0, Culture=neutral, PublicKeyToken=null" name="GetDatabaseObjects" />
    </UnitTest>
  </TestDefinitions>
  <TestLists>
    <TestList name="Results Not in a List" id="8c84fa94-04c1-424b-9868-57a2d4851a1d" />
    <TestList name="All Loaded Results" id="19431567-8539-422a-85d7-44ee4e166bda" />
  </TestLists>
  <TestEntries>
    <TestEntry testId="c2f86e70-9869-87fe-f47c-1591f950b431" executionId="370daf3a-8471-4205-b2fb-fef6025d671b" testListId="8c84fa94-04c1-424b-9868-57a2d4851a1d" />
  </TestEntries>
  <Results>
    <UnitTestResult executionId="370daf3a-8471-4205-b2fb-fef6025d671b" testId="c2f86e70-9869-87fe-f47c-1591f950b431" testName="GetDatabaseObjects" computerName="GARETH-PC" duration="00:01:49.3474879" startTime="2014-06-08T12:59:45.7253991+01:00" endTime="2014-06-08T13:01:36.7039940+01:00" testType="13cdc9d9-ddb5-4fa4-a97d-d965ccfc6d4b" outcome="Passed" testListId="8c84fa94-04c1-424b-9868-57a2d4851a1d" relativeResultsDirectory="370daf3a-8471-4205-b2fb-fef6025d671b">
    </UnitTestResult>
  </Results>
</TestRun>