<?xml version="1.0" encoding="UTF-8"?>
<TestRun id="f498e887-608d-4312-b256-d9be5987e1a8" name="gareth@GARETH-PC 2014-06-14 14:03:00" runUser="GARETH-PC\gareth" xmlns="http://microsoft.com/schemas/VisualStudio/TeamTest/2010">
  <TestSettings name="Local" id="7b6251a2-aa50-44bd-9269-8640add2f1a0">
    <Description>These are default test settings for a local test run.</Description>
    <Deployment enabled="false" runDeploymentRoot="gareth_GARETH-PC 2014-06-14 14_03_00">
      <DeploymentItem filename="C:\Development\SchemaBackup\SchemaBackupLibrary\bin\Debug\SchemaBackup.Core.dll" />
      <DeploymentItem filename="C:\Development\SchemaBackup\SchemaBackup.Definitions\bin\Debug\SchemaBackup.Definitions.dll" />
    </Deployment>
    <Execution>
      <TestTypeSpecific />
      <AgentRule name="Execution Agents">
      </AgentRule>
    </Execution>
  </TestSettings>
  <Times creation="2014-06-14T14:03:00.8722239+01:00" queuing="2014-06-14T14:03:02.7922265+01:00" start="2014-06-14T14:03:03.0222269+01:00" finish="2014-06-14T14:03:42.8222826+01:00" />
  <ResultSummary outcome="Error">
    <Counters total="1" executed="1" error="0" failed="0" timeout="0" aborted="1" inconclusive="0" passedButRunAborted="0" notRunnable="0" notExecuted="0" disconnected="0" warning="0" passed="0" completed="0" inProgress="0" pending="0" />
    <RunInfos>
      <RunInfo computerName="GARETH-PC" outcome="Error" timestamp="2014-06-14T14:03:42.8222826+01:00">
        <Text>Test host process exited unexpectedly.</Text>
      </RunInfo>
    </RunInfos>
  </ResultSummary>
  <TestDefinitions>
    <UnitTest name="GetFolderPath" storage="c:\development\schemabackup\schemabackup.tests\bin\debug\schemabackup.tests.dll" id="8759cc88-c516-cf94-7b1c-ef0189cbfab6">
      <Execution id="b3a6970d-5077-4e91-9371-cf9039153d44" />
      <TestMethod codeBase="C:/Development/SchemaBackup/SchemaBackup.Tests/bin/Debug/SchemaBackup.Tests.DLL" adapterTypeName="Microsoft.VisualStudio.TestTools.TestTypes.Unit.UnitTestAdapter, Microsoft.VisualStudio.QualityTools.Tips.UnitTest.Adapter, Version=10.0.0.0, Culture=neutral, PublicKeyToken=b03f5f7f11d50a3a" className="SchemaBackup.Tests.UnitTest1, SchemaBackup.Tests, Version=1.0.0.0, Culture=neutral, PublicKeyToken=null" name="GetFolderPath" />
    </UnitTest>
  </TestDefinitions>
  <TestLists>
    <TestList name="Results Not in a List" id="8c84fa94-04c1-424b-9868-57a2d4851a1d" />
    <TestList name="All Loaded Results" id="19431567-8539-422a-85d7-44ee4e166bda" />
  </TestLists>
  <TestEntries>
    <TestEntry testId="8759cc88-c516-cf94-7b1c-ef0189cbfab6" executionId="b3a6970d-5077-4e91-9371-cf9039153d44" testListId="8c84fa94-04c1-424b-9868-57a2d4851a1d" />
  </TestEntries>
  <Results>
    <UnitTestResult executionId="b3a6970d-5077-4e91-9371-cf9039153d44" testId="8759cc88-c516-cf94-7b1c-ef0189cbfab6" testName="GetFolderPath" computerName="GARETH-PC" duration="00:00:39.6200555" startTime="2014-06-14T14:03:03.2022271+01:00" endTime="2014-06-14T14:03:42.8222826+01:00" testType="13cdc9d9-ddb5-4fa4-a97d-d965ccfc6d4b" outcome="Aborted" testListId="8c84fa94-04c1-424b-9868-57a2d4851a1d" relativeResultsDirectory="b3a6970d-5077-4e91-9371-cf9039153d44">
    </UnitTestResult>
  </Results>
</TestRun>